# JRE version: OpenJDK Runtime Environment (21.0.8) (build 21.0.8+-14196175-b1038.72)
# Java VM: OpenJDK 64-Bit Server VM (21.0.8+-14196175-b1038.72, mixed mode, tiered, compressed oops, compressed class ptrs, g1 gc, windows-amd64)
GC Precious Log:
 CardTable entry size: 512
 Card Set container configuration: InlinePtr #cards 4 size 8 Array Of Cards #cards 16 size 48 Howl #buckets 8 coarsen threshold 3686 Howl Bitmap #cards 512 size 80 coarsen threshold 460 Card regions per heap region 1 cards per card region 4096
 CPUs: 12 total, 12 available
 Memory: 15710M
 Large Page Support: Disabled
 NUMA Support: Disabled
 Compressed Oops: Enabled (Zero based)
 Heap Region Size: 2M
 Heap Min Capacity: 8M
 Heap Initial Capacity: 8M
 Heap Max Capacity: 3928M
 Pre-touch: Disabled
 Parallel Workers: 10
 Concurrent Workers: 3
 Concurrent Refinement Workers: 10
 Periodic GC: Disabled
Heap:
 garbage-first heap   total 18432K, used 4431K [0x000000070a800000, 0x0000000800000000)
  region size 2048K, 2 young (4096K), 1 survivors (2048K)
 Metaspace       used 16444K, committed 16640K, reserved 1114112K
  class space    used 1785K, committed 1856K, reserved 1048576K
GC Heap History (20 events):
Event: 0.174 GC heap before
{Heap before GC invocations=0 (full 0):
 garbage-first heap   total 8192K, used 2048K [0x000000070a800000, 0x0000000800000000)
  region size 2048K, 1 young (2048K), 0 survivors (0K)
 Metaspace       used 6535K, committed 6656K, reserved 1114112K
  class space    used 608K, committed 704K, reserved 1048576K
}
Event: 0.176 GC heap after
{Heap after GC invocations=1 (full 0):
 garbage-first heap   total 8192K, used 800K [0x000000070a800000, 0x0000000800000000)
  region size 2048K, 1 young (2048K), 1 survivors (2048K)
 Metaspace       used 6535K, committed 6656K, reserved 1114112K
  class space    used 608K, committed 704K, reserved 1048576K
}
Event: 0.230 GC heap before
{Heap before GC invocations=1 (full 0):
 garbage-first heap   total 8192K, used 2848K [0x000000070a800000, 0x0000000800000000)
  region size 2048K, 2 young (4096K), 1 survivors (2048K)
 Metaspace       used 7568K, committed 7744K, reserved 1114112K
  class space    used 731K, committed 832K, reserved 1048576K
}
Event: 0.232 GC heap after
{Heap after GC invocations=2 (full 0):
 garbage-first heap   total 8192K, used 914K [0x000000070a800000, 0x0000000800000000)
  region size 2048K, 1 young (2048K), 1 survivors (2048K)
 Metaspace       used 7568K, committed 7744K, reserved 1114112K
  class space    used 731K, committed 832K, reserved 1048576K
}
Event: 0.281 GC heap before
{Heap before GC invocations=2 (full 0):
 garbage-first heap   total 8192K, used 2962K [0x000000070a800000, 0x0000000800000000)
  region size 2048K, 2 young (4096K), 1 survivors (2048K)
 Metaspace       used 8582K, committed 8704K, reserved 1114112K
  class space    used 865K, committed 896K, reserved 1048576K
}
Event: 0.283 GC heap after
{Heap after GC invocations=3 (full 0):
 garbage-first heap   total 8192K, used 989K [0x000000070a800000, 0x0000000800000000)
  region size 2048K, 1 young (2048K), 1 survivors (2048K)
 Metaspace       used 8582K, committed 8704K, reserved 1114112K
  class space    used 865K, committed 896K, reserved 1048576K
}
Event: 0.329 GC heap before
{Heap before GC invocations=3 (full 0):
 garbage-first heap   total 8192K, used 3037K [0x000000070a800000, 0x0000000800000000)
  region size 2048K, 2 young (4096K), 1 survivors (2048K)
 Metaspace       used 9598K, committed 9728K, reserved 1114112K
  class space    used 1020K, committed 1088K, reserved 1048576K
}
Event: 0.331 GC heap after
{Heap after GC invocations=4 (full 0):
 garbage-first heap   total 8192K, used 1226K [0x000000070a800000, 0x0000000800000000)
  region size 2048K, 1 young (2048K), 1 survivors (2048K)
 Metaspace       used 9598K, committed 9728K, reserved 1114112K
  class space    used 1020K, committed 1088K, reserved 1048576K
}
Event: 0.357 GC heap before
{Heap before GC invocations=4 (full 0):
 garbage-first heap   total 8192K, used 3274K [0x000000070a800000, 0x0000000800000000)
  region size 2048K, 2 young (4096K), 1 survivors (2048K)
 Metaspace       used 10150K, committed 10304K, reserved 1114112K
  class space    used 1093K, committed 1152K, reserved 1048576K
}
Event: 0.359 GC heap after
{Heap after GC invocations=5 (full 0):
 garbage-first heap   total 10240K, used 1559K [0x000000070a800000, 0x0000000800000000)
  region size 2048K, 1 young (2048K), 1 survivors (2048K)
 Metaspace       used 10150K, committed 10304K, reserved 1114112K
  class space    used 1093K, committed 1152K, reserved 1048576K
}
Event: 0.387 GC heap before
{Heap before GC invocations=5 (full 0):
 garbage-first heap   total 10240K, used 1559K [0x000000070a800000, 0x0000000800000000)
  region size 2048K, 2 young (4096K), 1 survivors (2048K)
 Metaspace       used 10724K, committed 10880K, reserved 1114112K
  class space    used 1162K, committed 1216K, reserved 1048576K
}
Event: 0.389 GC heap after
{Heap after GC invocations=6 (full 0):
 garbage-first heap   total 10240K, used 1648K [0x000000070a800000, 0x0000000800000000)
  region size 2048K, 1 young (2048K), 1 survivors (2048K)
 Metaspace       used 10724K, committed 10880K, reserved 1114112K
  class space    used 1162K, committed 1216K, reserved 1048576K
}
Event: 0.418 GC heap before
{Heap before GC invocations=6 (full 0):
 garbage-first heap   total 10240K, used 3696K [0x000000070a800000, 0x0000000800000000)
  region size 2048K, 2 young (4096K), 1 survivors (2048K)
 Metaspace       used 11337K, committed 11456K, reserved 1114112K
  class space    used 1243K, committed 1280K, reserved 1048576K
}
Event: 0.419 GC heap after
{Heap after GC invocations=7 (full 0):
 garbage-first heap   total 10240K, used 1715K [0x000000070a800000, 0x0000000800000000)
  region size 2048K, 1 young (2048K), 1 survivors (2048K)
 Metaspace       used 11337K, committed 11456K, reserved 1114112K
  class space    used 1243K, committed 1280K, reserved 1048576K
}
Event: 0.438 GC heap before
{Heap before GC invocations=7 (full 0):
 garbage-first heap   total 10240K, used 3763K [0x000000070a800000, 0x0000000800000000)
  region size 2048K, 2 young (4096K), 1 survivors (2048K)
 Metaspace       used 11839K, committed 11968K, reserved 1114112K
  class space    used 1303K, committed 1344K, reserved 1048576K
}
Event: 0.440 GC heap after
{Heap after GC invocations=8 (full 0):
 garbage-first heap   total 10240K, used 1665K [0x000000070a800000, 0x0000000800000000)
  region size 2048K, 1 young (2048K), 1 survivors (2048K)
 Metaspace       used 11839K, committed 11968K, reserved 1114112K
  class space    used 1303K, committed 1344K, reserved 1048576K
}
Event: 0.488 GC heap before
{Heap before GC invocations=8 (full 0):
 garbage-first heap   total 10240K, used 3713K [0x000000070a800000, 0x0000000800000000)
  region size 2048K, 3 young (6144K), 1 survivors (2048K)
 Metaspace       used 12923K, committed 13056K, reserved 1114112K
  class space    used 1435K, committed 1472K, reserved 1048576K
}
Event: 0.490 GC heap after
{Heap after GC invocations=9 (full 0):
 garbage-first heap   total 18432K, used 2131K [0x000000070a800000, 0x0000000800000000)
  region size 2048K, 1 young (2048K), 1 survivors (2048K)
 Metaspace       used 12923K, committed 13056K, reserved 1114112K
  class space    used 1435K, committed 1472K, reserved 1048576K
}
Event: 0.718 GC heap before
{Heap before GC invocations=9 (full 0):
 garbage-first heap   total 18432K, used 8275K [0x000000070a800000, 0x0000000800000000)
  region size 2048K, 5 young (10240K), 1 survivors (2048K)
 Metaspace       used 16135K, committed 16256K, reserved 1114112K
  class space    used 1761K, committed 1792K, reserved 1048576K
}
Event: 0.722 GC heap after
{Heap after GC invocations=10 (full 0):
 garbage-first heap   total 18432K, used 3230K [0x000000070a800000, 0x0000000800000000)
  region size 2048K, 1 young (2048K), 1 survivors (2048K)
 Metaspace       used 16135K, committed 16256K, reserved 1114112K
  class space    used 1761K, committed 1792K, reserved 1048576K
}

